{"numFailedTestSuites":9,"numFailedTests":4,"numPassedTestSuites":29,"numPassedTests":29,"numPendingTestSuites":0,"numPendingTests":0,"numRuntimeErrorTestSuites":5,"numTodoTests":0,"numTotalTestSuites":38,"numTotalTests":33,"openHandles":[],"snapshot":{"added":0,"didUpdate":false,"failure":false,"filesAdded":0,"filesRemoved":0,"filesRemovedList":[],"filesUnmatched":0,"filesUpdated":0,"matched":0,"total":0,"unchecked":0,"uncheckedKeysByFile":[],"unmatched":0,"updated":0},"startTime":1619741396497,"success":false,"testResults":[{"assertionResults":[{"ancestorTitles":[],"failureMessages":[],"fullName":"renders without crashing","location":null,"status":"passed","title":"renders without crashing"}],"endTime":1619741407587,"message":"","name":"/Users/nickmazuk/Documents/Github/ui-svelte/src/elements/loading-spinner/loading-spinner.test.ts","startTime":1619741398335,"status":"passed","summary":""},{"assertionResults":[{"ancestorTitles":[],"failureMessages":[],"fullName":"renders without crashing","location":null,"status":"passed","title":"renders without crashing"}],"endTime":1619741408168,"message":"","name":"/Users/nickmazuk/Documents/Github/ui-svelte/src/components/list/list-divider/list-divider.test.ts","startTime":1619741398341,"status":"passed","summary":""},{"assertionResults":[{"ancestorTitles":[],"failureMessages":[],"fullName":"renders without crashing","location":null,"status":"passed","title":"renders without crashing"}],"endTime":1619741408195,"message":"","name":"/Users/nickmazuk/Documents/Github/ui-svelte/cli/create-new-component/templates/component-template.test.ts","startTime":1619741398339,"status":"passed","summary":""},{"assertionResults":[{"ancestorTitles":[],"failureMessages":[],"fullName":"renders without crashing","location":null,"status":"passed","title":"renders without crashing"}],"endTime":1619741408208,"message":"","name":"/Users/nickmazuk/Documents/Github/ui-svelte/src/components/header/header-item-wrapper/header-item-wrapper.test.ts","startTime":1619741398335,"status":"passed","summary":""},{"assertionResults":[{"ancestorTitles":[],"failureMessages":[],"fullName":"renders without crashing","location":null,"status":"passed","title":"renders without crashing"}],"endTime":1619741408232,"message":"","name":"/Users/nickmazuk/Documents/Github/ui-svelte/src/components/footer/footer-social-link/footer-social-link.test.ts","startTime":1619741398340,"status":"passed","summary":""},{"assertionResults":[{"ancestorTitles":[],"failureMessages":[],"fullName":"renders without crashing","location":null,"status":"passed","title":"renders without crashing"}],"endTime":1619741408235,"message":"","name":"/Users/nickmazuk/Documents/Github/ui-svelte/src/elements/loading-section/loading-section.test.ts","startTime":1619741398335,"status":"passed","summary":""},{"assertionResults":[{"ancestorTitles":[],"failureMessages":[],"fullName":"renders without crashing","location":null,"status":"passed","title":"renders without crashing"}],"endTime":1619741408238,"message":"","name":"/Users/nickmazuk/Documents/Github/ui-svelte/src/typography/text-content/text-content.test.ts","startTime":1619741398335,"status":"passed","summary":""},{"assertionResults":[{"ancestorTitles":[],"failureMessages":[],"fullName":"renders without crashing","location":null,"status":"passed","title":"renders without crashing"}],"endTime":1619741408296,"message":"","name":"/Users/nickmazuk/Documents/Github/ui-svelte/src/components/header/header-brand/header-brand.test.ts","startTime":1619741398335,"status":"passed","summary":""},{"assertionResults":[{"ancestorTitles":[],"failureMessages":[],"fullName":"renders without crashing","location":null,"status":"passed","title":"renders without crashing"}],"endTime":1619741408312,"message":"","name":"/Users/nickmazuk/Documents/Github/ui-svelte/src/components/footer/footer-social-link-wrapper/footer-social-link-wrapper.test.ts","startTime":1619741398335,"status":"passed","summary":""},{"assertionResults":[{"ancestorTitles":[],"failureMessages":[],"fullName":"renders without crashing","location":null,"status":"passed","title":"renders without crashing"}],"endTime":1619741408384,"message":"","name":"/Users/nickmazuk/Documents/Github/ui-svelte/src/components/footer/footer-column/footer-column.test.ts","startTime":1619741398344,"status":"passed","summary":""},{"assertionResults":[{"ancestorTitles":[],"failureMessages":[],"fullName":"renders without crashing","location":null,"status":"passed","title":"renders without crashing"}],"endTime":1619741408470,"message":"","name":"/Users/nickmazuk/Documents/Github/ui-svelte/src/elements/loading-dots/loading-dots.test.ts","startTime":1619741398343,"status":"passed","summary":""},{"assertionResults":[{"ancestorTitles":[],"failureMessages":[],"fullName":"renders without crashing","location":null,"status":"passed","title":"renders without crashing"}],"endTime":1619741409146,"message":"","name":"/Users/nickmazuk/Documents/Github/ui-svelte/src/components/entity/entity-field/entity-field.test.ts","startTime":1619741407657,"status":"passed","summary":""},{"assertionResults":[{"ancestorTitles":[],"failureMessages":[],"fullName":"renders without crashing","location":null,"status":"passed","title":"renders without crashing"}],"endTime":1619741409161,"message":"","name":"/Users/nickmazuk/Documents/Github/ui-svelte/src/elements/loading-progress-indicator/loading-progress-indicator.test.ts","startTime":1619741398346,"status":"passed","summary":""},{"assertionResults":[{"ancestorTitles":[],"failureMessages":[],"fullName":"renders without crashing","location":null,"status":"passed","title":"renders without crashing"}],"endTime":1619741409337,"message":"","name":"/Users/nickmazuk/Documents/Github/ui-svelte/src/components/list/list-section/list-section.test.ts","startTime":1619741398356,"status":"passed","summary":""},{"assertionResults":[{"ancestorTitles":[],"failureMessages":[],"fullName":"renders without crashing","location":null,"status":"passed","title":"renders without crashing"}],"endTime":1619741409760,"message":"","name":"/Users/nickmazuk/Documents/Github/ui-svelte/src/components/footer/footer-link/footer-link.test.ts","startTime":1619741408277,"status":"passed","summary":""},{"assertionResults":[{"ancestorTitles":[],"failureMessages":[],"fullName":"renders without crashing","location":null,"status":"passed","title":"renders without crashing"}],"endTime":1619741409850,"message":"","name":"/Users/nickmazuk/Documents/Github/ui-svelte/src/elements/status-dot/status-dot.test.ts","startTime":1619741408277,"status":"passed","summary":""},{"assertionResults":[{"ancestorTitles":[],"failureMessages":[],"fullName":"renders without crashing","location":null,"status":"passed","title":"renders without crashing"}],"endTime":1619741409887,"message":"","name":"/Users/nickmazuk/Documents/Github/ui-svelte/src/components/header/header-link/header-link.test.ts","startTime":1619741408238,"status":"passed","summary":""},{"assertionResults":[{"ancestorTitles":[],"failureMessages":[],"fullName":"renders without crashing","location":null,"status":"passed","title":"renders without crashing"}],"endTime":1619741409985,"message":"","name":"/Users/nickmazuk/Documents/Github/ui-svelte/src/utilities/container/container.test.ts","startTime":1619741408279,"status":"passed","summary":""},{"assertionResults":[],"coverage":{},"endTime":1619741433598,"message":"  \u001b[1m● \u001b[22mTest suite failed to run\n\n    \u001b[1m\u001b[31mJest encountered an unexpected token\u001b[39m\u001b[22m\n\n    This usually means that you are trying to import a file which Jest cannot parse, e.g. it's not plain JavaScript.\n\n    By default, if Jest sees a Babel config, it will use that to transform your files, ignoring \"node_modules\".\n\n    Here's what you can do:\n     • If you are trying to use ECMAScript Modules, see \u001b[4mhttps://jestjs.io/docs/en/ecmascript-modules\u001b[24m for how to enable it.\n     • To have some of your \"node_modules\" files transformed, you can specify a custom \u001b[1m\"transformIgnorePatterns\"\u001b[22m in your config.\n     • If you need a custom transformation specify a \u001b[1m\"transform\"\u001b[22m option in your config.\n     • If you simply want to mock your non-JS modules (e.g. binary assets) you can stub them out with the \u001b[1m\"moduleNameMapper\"\u001b[22m config option.\n\n    You'll find more details and examples of these config options in the docs:\n    \u001b[36mhttps://jestjs.io/docs/en/configuration.html\u001b[39m\n\n    \u001b[1m\u001b[31mDetails:\u001b[39m\u001b[22m\n\n    /Users/nickmazuk/Documents/Github/ui-svelte/node_modules/.pnpm/marked@2.0.1/node_modules/marked/lib/marked.esm.js:2625\n    export default marked_1;\n    ^^^^^^\n\n    SyntaxError: Unexpected token 'export'\n\n    \u001b[0m \u001b[90m 1 |\u001b[39m \u001b[33m<\u001b[39m\u001b[33mscript\u001b[39m lang\u001b[33m=\u001b[39m\u001b[32m\"ts\"\u001b[39m\u001b[33m>\u001b[39m\u001b[0m\n    \u001b[0m\u001b[31m\u001b[1m>\u001b[22m\u001b[39m\u001b[90m 2 |\u001b[39m     \u001b[36mimport\u001b[39m marked \u001b[36mfrom\u001b[39m \u001b[32m'marked/lib/marked.esm'\u001b[39m\u001b[0m\n    \u001b[0m \u001b[90m   |\u001b[39m                  \u001b[31m\u001b[1m^\u001b[22m\u001b[39m\u001b[0m\n    \u001b[0m \u001b[90m 3 |\u001b[39m\u001b[0m\n    \u001b[0m \u001b[90m 4 |\u001b[39m     \u001b[36mexport\u001b[39m \u001b[36mlet\u001b[39m content \u001b[33m=\u001b[39m \u001b[32m''\u001b[39m\u001b[0m\n    \u001b[0m \u001b[90m 5 |\u001b[39m     \u001b[36mexport\u001b[39m \u001b[36mlet\u001b[39m headerIds \u001b[33m=\u001b[39m \u001b[36mfalse\u001b[39m\u001b[0m\n\n      \u001b[2mat Runtime.createScriptFromCode (\u001b[22mnode_modules/.pnpm/jest-runtime@26.6.3/node_modules/jest-runtime/build/index.js\u001b[2m:1350:14)\u001b[22m\n      \u001b[2mat Object.<anonymous> (\u001b[22msrc/typography/markdown/markdown.svelte\u001b[2m:2:18)\u001b[22m\n","name":"/Users/nickmazuk/Documents/Github/ui-svelte/src/typography/markdown/markdown.test.ts","startTime":1619741433598,"status":"failed","summary":""},{"assertionResults":[{"ancestorTitles":[],"failureMessages":["TypeError: Cannot read property 'stack' of undefined\n    at Object.$$self.$$.update (/Users/nickmazuk/Documents/Github/ui-svelte/src/layouts/http-500/http-500.svelte:10:22)\n    at init (/Users/nickmazuk/Documents/Github/ui-svelte/node_modules/.pnpm/svelte@3.35.0/node_modules/svelte/internal/index.js:1488:8)\n    at new Http_500 (/Users/nickmazuk/Documents/Github/ui-svelte/src/layouts/http-500/http-500.svelte:302:3)\n    at Object.render (/Users/nickmazuk/Documents/Github/ui-svelte/node_modules/.pnpm/@testing-library+svelte@3.0.3_svelte@3.35.0/node_modules/@testing-library/svelte/dist/pure.js:81:21)\n    at Object.<anonymous> (/Users/nickmazuk/Documents/Github/ui-svelte/src/layouts/http-500/http-500.test.ts:6:27)\n    at Object.asyncJestTest (/Users/nickmazuk/Documents/Github/ui-svelte/node_modules/.pnpm/jest-jasmine2@26.6.3/node_modules/jest-jasmine2/build/jasmineAsyncInstall.js:106:37)\n    at /Users/nickmazuk/Documents/Github/ui-svelte/node_modules/.pnpm/jest-jasmine2@26.6.3/node_modules/jest-jasmine2/build/queueRunner.js:45:12\n    at new Promise (<anonymous>)\n    at mapper (/Users/nickmazuk/Documents/Github/ui-svelte/node_modules/.pnpm/jest-jasmine2@26.6.3/node_modules/jest-jasmine2/build/queueRunner.js:28:19)\n    at /Users/nickmazuk/Documents/Github/ui-svelte/node_modules/.pnpm/jest-jasmine2@26.6.3/node_modules/jest-jasmine2/build/queueRunner.js:75:41\n    at processTicksAndRejections (internal/process/task_queues.js:97:5)"],"fullName":"renders without crashing","location":null,"status":"failed","title":"renders without crashing"}],"endTime":1619741410103,"message":"\u001b[1m\u001b[31m  \u001b[1m● \u001b[22m\u001b[1mrenders without crashing\u001b[39m\u001b[22m\n\n    TypeError: Cannot read property 'stack' of undefined\n\u001b[2m\u001b[22m\n\u001b[2m    \u001b[0m \u001b[90m  8 |\u001b[39m     \u001b[36mlet\u001b[39m stack\u001b[33m:\u001b[39m string[]\u001b[0m\u001b[22m\n\u001b[2m    \u001b[0m \u001b[90m  9 |\u001b[39m\u001b[0m\u001b[22m\n\u001b[2m    \u001b[0m\u001b[31m\u001b[1m>\u001b[22m\u001b[2m\u001b[39m\u001b[90m 10 |\u001b[39m     $\u001b[33m:\u001b[39m stack \u001b[33m=\u001b[39m error\u001b[33m.\u001b[39mstack\u001b[33m?\u001b[39m\u001b[33m.\u001b[39msplit(\u001b[32m'\\n'\u001b[39m)\u001b[33m.\u001b[39mmap((part) \u001b[33m=>\u001b[39m part\u001b[33m.\u001b[39mtrim()) \u001b[33m?\u001b[39m\u001b[33m?\u001b[39m []\u001b[0m\u001b[22m\n\u001b[2m    \u001b[0m \u001b[90m    |\u001b[39m                      \u001b[31m\u001b[1m^\u001b[22m\u001b[2m\u001b[39m\u001b[0m\u001b[22m\n\u001b[2m    \u001b[0m \u001b[90m 11 |\u001b[39m \u001b[33m<\u001b[39m\u001b[33m/\u001b[39m\u001b[33mscript\u001b[39m\u001b[33m>\u001b[39m\u001b[0m\u001b[22m\n\u001b[2m    \u001b[0m \u001b[90m 12 |\u001b[39m\u001b[0m\u001b[22m\n\u001b[2m    \u001b[0m \u001b[90m 13 |\u001b[39m \u001b[33m<\u001b[39m\u001b[33mdiv\u001b[39m \u001b[36mclass\u001b[39m\u001b[33m=\u001b[39m\u001b[32m\"wrapper\"\u001b[39m\u001b[33m>\u001b[39m\u001b[0m\u001b[22m\n\u001b[2m\u001b[22m\n\u001b[2m      \u001b[2mat Object.$$self.$$.update (\u001b[22m\u001b[2msrc/layouts/http-500/http-500.svelte\u001b[2m:10:22)\u001b[22m\u001b[2m\u001b[22m\n\u001b[2m      \u001b[2mat init (\u001b[22m\u001b[2mnode_modules/.pnpm/svelte@3.35.0/node_modules/svelte/internal/index.js\u001b[2m:1488:8)\u001b[22m\u001b[2m\u001b[22m\n\u001b[2m      \u001b[2mat new Http_500 (\u001b[22m\u001b[2msrc/layouts/http-500/http-500.svelte\u001b[2m:302:3)\u001b[22m\u001b[2m\u001b[22m\n\u001b[2m      \u001b[2mat Object.render (\u001b[22m\u001b[2mnode_modules/.pnpm/@testing-library+svelte@3.0.3_svelte@3.35.0/node_modules/@testing-library/svelte/dist/pure.js\u001b[2m:81:21)\u001b[22m\u001b[2m\u001b[22m\n\u001b[2m      \u001b[2mat Object.<anonymous> (\u001b[22m\u001b[2m\u001b[0m\u001b[36msrc/layouts/http-500/http-500.test.ts\u001b[39m\u001b[0m\u001b[2m:6:27)\u001b[22m\u001b[2m\u001b[22m\n","name":"/Users/nickmazuk/Documents/Github/ui-svelte/src/layouts/http-500/http-500.test.ts","startTime":1619741408422,"status":"failed","summary":""},{"assertionResults":[{"ancestorTitles":[],"failureMessages":[],"fullName":"renders without crashing","location":null,"status":"passed","title":"renders without crashing"}],"endTime":1619741410172,"message":"","name":"/Users/nickmazuk/Documents/Github/ui-svelte/src/layouts/http-404/http-404.test.ts","startTime":1619741408516,"status":"passed","summary":""},{"assertionResults":[{"ancestorTitles":[],"failureMessages":["TypeError: register is not a function\n    at /Users/nickmazuk/Documents/Github/ui-svelte/src/components/list/list-item/list-item.svelte:31:17\n    at run (/Users/nickmazuk/Documents/Github/ui-svelte/node_modules/.pnpm/svelte@3.35.0/node_modules/svelte/internal/index.js:22:12)\n    at Array.map (<anonymous>)\n    at /Users/nickmazuk/Documents/Github/ui-svelte/node_modules/.pnpm/svelte@3.35.0/node_modules/svelte/internal/index.js:1419:45\n    at flush (/Users/nickmazuk/Documents/Github/ui-svelte/node_modules/.pnpm/svelte@3.35.0/node_modules/svelte/internal/index.js:749:17)\n    at init (/Users/nickmazuk/Documents/Github/ui-svelte/node_modules/.pnpm/svelte@3.35.0/node_modules/svelte/internal/index.js:1507:9)\n    at new List_item (/Users/nickmazuk/Documents/Github/ui-svelte/src/components/list/list-item/list-item.svelte:1043:3)\n    at Object.render (/Users/nickmazuk/Documents/Github/ui-svelte/node_modules/.pnpm/@testing-library+svelte@3.0.3_svelte@3.35.0/node_modules/@testing-library/svelte/dist/pure.js:81:21)\n    at Object.<anonymous> (/Users/nickmazuk/Documents/Github/ui-svelte/src/components/list/list-item/list-item.test.ts:6:27)\n    at Object.asyncJestTest (/Users/nickmazuk/Documents/Github/ui-svelte/node_modules/.pnpm/jest-jasmine2@26.6.3/node_modules/jest-jasmine2/build/jasmineAsyncInstall.js:106:37)\n    at /Users/nickmazuk/Documents/Github/ui-svelte/node_modules/.pnpm/jest-jasmine2@26.6.3/node_modules/jest-jasmine2/build/queueRunner.js:45:12\n    at new Promise (<anonymous>)\n    at mapper (/Users/nickmazuk/Documents/Github/ui-svelte/node_modules/.pnpm/jest-jasmine2@26.6.3/node_modules/jest-jasmine2/build/queueRunner.js:28:19)\n    at /Users/nickmazuk/Documents/Github/ui-svelte/node_modules/.pnpm/jest-jasmine2@26.6.3/node_modules/jest-jasmine2/build/queueRunner.js:75:41\n    at processTicksAndRejections (internal/process/task_queues.js:97:5)"],"fullName":"renders without crashing","location":null,"status":"failed","title":"renders without crashing"}],"endTime":1619741410472,"message":"\u001b[1m\u001b[31m  \u001b[1m● \u001b[22m\u001b[1mrenders without crashing\u001b[39m\u001b[22m\n\n    TypeError: register is not a function\n\u001b[2m\u001b[22m\n\u001b[2m    \u001b[0m \u001b[90m 29 |\u001b[39m     onMount(() \u001b[33m=>\u001b[39m {\u001b[0m\u001b[22m\n\u001b[2m    \u001b[0m \u001b[90m 30 |\u001b[39m         textContent \u001b[33m=\u001b[39m element\u001b[33m.\u001b[39mtextContent\u001b[0m\u001b[22m\n\u001b[2m    \u001b[0m\u001b[31m\u001b[1m>\u001b[22m\u001b[2m\u001b[39m\u001b[90m 31 |\u001b[39m         index \u001b[33m=\u001b[39m register(textContent)\u001b[0m\u001b[22m\n\u001b[2m    \u001b[0m \u001b[90m    |\u001b[39m                 \u001b[31m\u001b[1m^\u001b[22m\u001b[2m\u001b[39m\u001b[0m\u001b[22m\n\u001b[2m    \u001b[0m \u001b[90m 32 |\u001b[39m         \u001b[36mif\u001b[39m (autofocus \u001b[33m&&\u001b[39m index \u001b[33m===\u001b[39m \u001b[35m0\u001b[39m) element\u001b[33m.\u001b[39mfocus()\u001b[0m\u001b[22m\n\u001b[2m    \u001b[0m \u001b[90m 33 |\u001b[39m     })\u001b[0m\u001b[22m\n\u001b[2m    \u001b[0m \u001b[90m 34 |\u001b[39m\u001b[0m\u001b[22m\n\u001b[2m\u001b[22m\n\u001b[2m      \u001b[2mat \u001b[22m\u001b[2msrc/components/list/list-item/list-item.svelte\u001b[2m:31:17\u001b[22m\u001b[2m\u001b[22m\n\u001b[2m      \u001b[2mat run (\u001b[22m\u001b[2mnode_modules/.pnpm/svelte@3.35.0/node_modules/svelte/internal/index.js\u001b[2m:22:12)\u001b[22m\u001b[2m\u001b[22m\n\u001b[2m          at Array.map (<anonymous>)\u001b[22m\n\u001b[2m      \u001b[2mat \u001b[22m\u001b[2mnode_modules/.pnpm/svelte@3.35.0/node_modules/svelte/internal/index.js\u001b[2m:1419:45\u001b[22m\u001b[2m\u001b[22m\n\u001b[2m      \u001b[2mat flush (\u001b[22m\u001b[2mnode_modules/.pnpm/svelte@3.35.0/node_modules/svelte/internal/index.js\u001b[2m:749:17)\u001b[22m\u001b[2m\u001b[22m\n\u001b[2m      \u001b[2mat init (\u001b[22m\u001b[2mnode_modules/.pnpm/svelte@3.35.0/node_modules/svelte/internal/index.js\u001b[2m:1507:9)\u001b[22m\u001b[2m\u001b[22m\n\u001b[2m      \u001b[2mat new List_item (\u001b[22m\u001b[2msrc/components/list/list-item/list-item.svelte\u001b[2m:1043:3)\u001b[22m\u001b[2m\u001b[22m\n\u001b[2m      \u001b[2mat Object.render (\u001b[22m\u001b[2mnode_modules/.pnpm/@testing-library+svelte@3.0.3_svelte@3.35.0/node_modules/@testing-library/svelte/dist/pure.js\u001b[2m:81:21)\u001b[22m\u001b[2m\u001b[22m\n\u001b[2m      \u001b[2mat Object.<anonymous> (\u001b[22m\u001b[2m\u001b[0m\u001b[36msrc/components/list/list-item/list-item.test.ts\u001b[39m\u001b[0m\u001b[2m:6:27)\u001b[22m\u001b[2m\u001b[22m\n","name":"/Users/nickmazuk/Documents/Github/ui-svelte/src/components/list/list-item/list-item.test.ts","startTime":1619741408345,"status":"failed","summary":""},{"assertionResults":[{"ancestorTitles":[],"failureMessages":["Error: {#each} only iterates over array-like objects.\n    at validate_each_argument (/Users/nickmazuk/Documents/Github/ui-svelte/node_modules/.pnpm/svelte@3.35.0/node_modules/svelte/internal/index.js:1652:15)\n    at create_fragment (/Users/nickmazuk/Documents/Github/ui-svelte/src/navigation/table-of-contents/table-of-contents.svelte:435:2)\n    at init (/Users/nickmazuk/Documents/Github/ui-svelte/node_modules/.pnpm/svelte@3.35.0/node_modules/svelte/internal/index.js:1492:37)\n    at new Table_of_contents (/Users/nickmazuk/Documents/Github/ui-svelte/src/navigation/table-of-contents/table-of-contents.svelte:571:3)\n    at Object.render (/Users/nickmazuk/Documents/Github/ui-svelte/node_modules/.pnpm/@testing-library+svelte@3.0.3_svelte@3.35.0/node_modules/@testing-library/svelte/dist/pure.js:81:21)\n    at Object.<anonymous> (/Users/nickmazuk/Documents/Github/ui-svelte/src/navigation/table-of-contents/table-of-contents.test.ts:6:27)\n    at Object.asyncJestTest (/Users/nickmazuk/Documents/Github/ui-svelte/node_modules/.pnpm/jest-jasmine2@26.6.3/node_modules/jest-jasmine2/build/jasmineAsyncInstall.js:106:37)\n    at /Users/nickmazuk/Documents/Github/ui-svelte/node_modules/.pnpm/jest-jasmine2@26.6.3/node_modules/jest-jasmine2/build/queueRunner.js:45:12\n    at new Promise (<anonymous>)\n    at mapper (/Users/nickmazuk/Documents/Github/ui-svelte/node_modules/.pnpm/jest-jasmine2@26.6.3/node_modules/jest-jasmine2/build/queueRunner.js:28:19)\n    at /Users/nickmazuk/Documents/Github/ui-svelte/node_modules/.pnpm/jest-jasmine2@26.6.3/node_modules/jest-jasmine2/build/queueRunner.js:75:41\n    at processTicksAndRejections (internal/process/task_queues.js:97:5)"],"fullName":"renders without crashing","location":null,"status":"failed","title":"renders without crashing"}],"endTime":1619741410912,"message":"\u001b[1m\u001b[31m  \u001b[1m● \u001b[22m\u001b[1mrenders without crashing\u001b[39m\u001b[22m\n\n    {#each} only iterates over array-like objects.\n\u001b[2m\u001b[22m\n\u001b[2m\u001b[22m\n\u001b[2m\u001b[22m\n\u001b[2m      \u001b[2mat validate_each_argument (\u001b[22m\u001b[2mnode_modules/.pnpm/svelte@3.35.0/node_modules/svelte/internal/index.js\u001b[2m:1652:15)\u001b[22m\u001b[2m\u001b[22m\n\u001b[2m      \u001b[2mat create_fragment (\u001b[22m\u001b[2msrc/navigation/table-of-contents/table-of-contents.svelte\u001b[2m:435:2)\u001b[22m\u001b[2m\u001b[22m\n\u001b[2m      \u001b[2mat init (\u001b[22m\u001b[2mnode_modules/.pnpm/svelte@3.35.0/node_modules/svelte/internal/index.js\u001b[2m:1492:37)\u001b[22m\u001b[2m\u001b[22m\n\u001b[2m      \u001b[2mat new Table_of_contents (\u001b[22m\u001b[2msrc/navigation/table-of-contents/table-of-contents.svelte\u001b[2m:571:3)\u001b[22m\u001b[2m\u001b[22m\n\u001b[2m      \u001b[2mat Object.render (\u001b[22m\u001b[2mnode_modules/.pnpm/@testing-library+svelte@3.0.3_svelte@3.35.0/node_modules/@testing-library/svelte/dist/pure.js\u001b[2m:81:21)\u001b[22m\u001b[2m\u001b[22m\n\u001b[2m      \u001b[2mat Object.<anonymous> (\u001b[22m\u001b[2m\u001b[0m\u001b[36msrc/navigation/table-of-contents/table-of-contents.test.ts\u001b[39m\u001b[0m\u001b[2m:6:27)\u001b[22m\u001b[2m\u001b[22m\n","name":"/Users/nickmazuk/Documents/Github/ui-svelte/src/navigation/table-of-contents/table-of-contents.test.ts","startTime":1619741398348,"status":"failed","summary":""},{"assertionResults":[{"ancestorTitles":[],"failureMessages":[],"fullName":"renders without crashing","location":null,"status":"passed","title":"renders without crashing"}],"endTime":1619741410990,"message":"","name":"/Users/nickmazuk/Documents/Github/ui-svelte/src/form/search-input/search-input.test.ts","startTime":1619741408226,"status":"passed","summary":""},{"assertionResults":[{"ancestorTitles":[],"failureMessages":["TypeError: IntersectionObserver is not a constructor\n    at create_fragment (/Users/nickmazuk/Documents/Github/ui-svelte/src/components/header/header.svelte:122:25)\n    at init (/Users/nickmazuk/Documents/Github/ui-svelte/node_modules/.pnpm/svelte@3.35.0/node_modules/svelte/internal/index.js:1492:37)\n    at new Header (/Users/nickmazuk/Documents/Github/ui-svelte/src/components/header/header.svelte:384:3)\n    at Object.render (/Users/nickmazuk/Documents/Github/ui-svelte/node_modules/.pnpm/@testing-library+svelte@3.0.3_svelte@3.35.0/node_modules/@testing-library/svelte/dist/pure.js:81:21)\n    at Object.<anonymous> (/Users/nickmazuk/Documents/Github/ui-svelte/src/components/header/header.test.ts:6:27)\n    at Object.asyncJestTest (/Users/nickmazuk/Documents/Github/ui-svelte/node_modules/.pnpm/jest-jasmine2@26.6.3/node_modules/jest-jasmine2/build/jasmineAsyncInstall.js:106:37)\n    at /Users/nickmazuk/Documents/Github/ui-svelte/node_modules/.pnpm/jest-jasmine2@26.6.3/node_modules/jest-jasmine2/build/queueRunner.js:45:12\n    at new Promise (<anonymous>)\n    at mapper (/Users/nickmazuk/Documents/Github/ui-svelte/node_modules/.pnpm/jest-jasmine2@26.6.3/node_modules/jest-jasmine2/build/queueRunner.js:28:19)\n    at /Users/nickmazuk/Documents/Github/ui-svelte/node_modules/.pnpm/jest-jasmine2@26.6.3/node_modules/jest-jasmine2/build/queueRunner.js:75:41\n    at processTicksAndRejections (internal/process/task_queues.js:97:5)"],"fullName":"renders without crashing","location":null,"status":"failed","title":"renders without crashing"}],"endTime":1619741411052,"message":"\u001b[1m\u001b[31m  \u001b[1m● \u001b[22m\u001b[1mrenders without crashing\u001b[39m\u001b[22m\n\n    TypeError: IntersectionObserver is not a constructor\n\u001b[2m\u001b[22m\n\u001b[2m\u001b[22m\n\u001b[2m\u001b[22m\n\u001b[2m      \u001b[2mat create_fragment (\u001b[22m\u001b[2msrc/components/header/header.svelte\u001b[2m:122:25)\u001b[22m\u001b[2m\u001b[22m\n\u001b[2m      \u001b[2mat init (\u001b[22m\u001b[2mnode_modules/.pnpm/svelte@3.35.0/node_modules/svelte/internal/index.js\u001b[2m:1492:37)\u001b[22m\u001b[2m\u001b[22m\n\u001b[2m      \u001b[2mat new Header (\u001b[22m\u001b[2msrc/components/header/header.svelte\u001b[2m:384:3)\u001b[22m\u001b[2m\u001b[22m\n\u001b[2m      \u001b[2mat Object.render (\u001b[22m\u001b[2mnode_modules/.pnpm/@testing-library+svelte@3.0.3_svelte@3.35.0/node_modules/@testing-library/svelte/dist/pure.js\u001b[2m:81:21)\u001b[22m\u001b[2m\u001b[22m\n\u001b[2m      \u001b[2mat Object.<anonymous> (\u001b[22m\u001b[2m\u001b[0m\u001b[36msrc/components/header/header.test.ts\u001b[39m\u001b[0m\u001b[2m:6:27)\u001b[22m\u001b[2m\u001b[22m\n","name":"/Users/nickmazuk/Documents/Github/ui-svelte/src/components/header/header.test.ts","startTime":1619741409376,"status":"failed","summary":""},{"assertionResults":[{"ancestorTitles":[],"failureMessages":[],"fullName":"renders without crashing","location":null,"status":"passed","title":"renders without crashing"}],"endTime":1619741411149,"message":"","name":"/Users/nickmazuk/Documents/Github/ui-svelte/src/elements/button/button.test.ts","startTime":1619741409193,"status":"passed","summary":""},{"assertionResults":[{"ancestorTitles":[],"failureMessages":[],"fullName":"renders without crashing","location":null,"status":"passed","title":"renders without crashing"}],"endTime":1619741411302,"message":"","name":"/Users/nickmazuk/Documents/Github/ui-svelte/src/components/footer/footer.test.ts","startTime":1619741409888,"status":"passed","summary":""},{"assertionResults":[{"ancestorTitles":[],"failureMessages":[],"fullName":"renders without crashing","location":null,"status":"passed","title":"renders without crashing"}],"endTime":1619741411364,"message":"","name":"/Users/nickmazuk/Documents/Github/ui-svelte/src/utilities/spacer/spacer.test.ts","startTime":1619741409920,"status":"passed","summary":""},{"assertionResults":[],"coverage":{},"endTime":1619741433598,"message":"  \u001b[1m● \u001b[22mTest suite failed to run\n\n    \u001b[1m\u001b[31mJest encountered an unexpected token\u001b[39m\u001b[22m\n\n    This usually means that you are trying to import a file which Jest cannot parse, e.g. it's not plain JavaScript.\n\n    By default, if Jest sees a Babel config, it will use that to transform your files, ignoring \"node_modules\".\n\n    Here's what you can do:\n     • If you are trying to use ECMAScript Modules, see \u001b[4mhttps://jestjs.io/docs/en/ecmascript-modules\u001b[24m for how to enable it.\n     • To have some of your \"node_modules\" files transformed, you can specify a custom \u001b[1m\"transformIgnorePatterns\"\u001b[22m in your config.\n     • If you need a custom transformation specify a \u001b[1m\"transform\"\u001b[22m option in your config.\n     • If you simply want to mock your non-JS modules (e.g. binary assets) you can stub them out with the \u001b[1m\"moduleNameMapper\"\u001b[22m config option.\n\n    You'll find more details and examples of these config options in the docs:\n    \u001b[36mhttps://jestjs.io/docs/en/configuration.html\u001b[39m\n\n    \u001b[1m\u001b[31mDetails:\u001b[39m\u001b[22m\n\n    /Users/nickmazuk/Documents/Github/ui-svelte/node_modules/.pnpm/svelte-portal@2.1.2/node_modules/svelte-portal/src/Portal.svelte:1\n    ({\"Object.<anonymous>\":function(module,exports,require,__dirname,__filename,global,jest){<script context=\"module\">\n                                                                                             ^\n\n    SyntaxError: Unexpected token '<'\n\n    \u001b[0m \u001b[90m 1 |\u001b[39m \u001b[33m<\u001b[39m\u001b[33mscript\u001b[39m lang\u001b[33m=\u001b[39m\u001b[32m\"ts\"\u001b[39m\u001b[33m>\u001b[39m\u001b[0m\n    \u001b[0m \u001b[90m 2 |\u001b[39m     \u001b[36mimport\u001b[39m { createEventDispatcher } \u001b[36mfrom\u001b[39m \u001b[32m'svelte'\u001b[39m\u001b[0m\n    \u001b[0m\u001b[31m\u001b[1m>\u001b[22m\u001b[39m\u001b[90m 3 |\u001b[39m     \u001b[36mimport\u001b[39m \u001b[33mPortal\u001b[39m \u001b[36mfrom\u001b[39m \u001b[32m'svelte-portal/src/Portal.svelte'\u001b[39m\u001b[0m\n    \u001b[0m \u001b[90m   |\u001b[39m                  \u001b[31m\u001b[1m^\u001b[22m\u001b[39m\u001b[0m\n    \u001b[0m \u001b[90m 4 |\u001b[39m\u001b[0m\n    \u001b[0m \u001b[90m 5 |\u001b[39m     \u001b[36mexport\u001b[39m \u001b[36mlet\u001b[39m x \u001b[33m=\u001b[39m \u001b[35m0\u001b[39m\u001b[0m\n    \u001b[0m \u001b[90m 6 |\u001b[39m     \u001b[36mexport\u001b[39m \u001b[36mlet\u001b[39m y \u001b[33m=\u001b[39m \u001b[35m0\u001b[39m\u001b[0m\n\n      \u001b[2mat Runtime.createScriptFromCode (\u001b[22mnode_modules/.pnpm/jest-runtime@26.6.3/node_modules/jest-runtime/build/index.js\u001b[2m:1350:14)\u001b[22m\n      \u001b[2mat Object.<anonymous> (\u001b[22msrc/utilities/portal/portal.svelte\u001b[2m:3:18)\u001b[22m\n","name":"/Users/nickmazuk/Documents/Github/ui-svelte/src/utilities/portal/portal.test.ts","startTime":1619741433598,"status":"failed","summary":""},{"assertionResults":[{"ancestorTitles":[],"failureMessages":[],"fullName":"renders without crashing","location":null,"status":"passed","title":"renders without crashing"}],"endTime":1619741411517,"message":"","name":"/Users/nickmazuk/Documents/Github/ui-svelte/src/elements/badge/badge.test.ts","startTime":1619741410130,"status":"passed","summary":""},{"assertionResults":[{"ancestorTitles":[],"failureMessages":[],"fullName":"renders without crashing","location":null,"status":"passed","title":"renders without crashing"}],"endTime":1619741411528,"message":"","name":"/Users/nickmazuk/Documents/Github/ui-svelte/src/form/select/select.test.ts","startTime":1619741410061,"status":"passed","summary":""},{"assertionResults":[{"ancestorTitles":[],"failureMessages":[],"fullName":"renders without crashing","location":null,"status":"passed","title":"renders without crashing"}],"endTime":1619741411599,"message":"","name":"/Users/nickmazuk/Documents/Github/ui-svelte/src/components/list/list.test.ts","startTime":1619741410943,"status":"passed","summary":""},{"assertionResults":[{"ancestorTitles":[],"failureMessages":[],"fullName":"renders without crashing","location":null,"status":"passed","title":"renders without crashing"}],"endTime":1619741411605,"message":"","name":"/Users/nickmazuk/Documents/Github/ui-svelte/src/elements/icon/storybook/icon.test.ts","startTime":1619741410196,"status":"passed","summary":""},{"assertionResults":[],"coverage":{},"endTime":1619741433598,"message":"  \u001b[1m● \u001b[22mTest suite failed to run\n\n    \u001b[1m\u001b[31mJest encountered an unexpected token\u001b[39m\u001b[22m\n\n    This usually means that you are trying to import a file which Jest cannot parse, e.g. it's not plain JavaScript.\n\n    By default, if Jest sees a Babel config, it will use that to transform your files, ignoring \"node_modules\".\n\n    Here's what you can do:\n     • If you are trying to use ECMAScript Modules, see \u001b[4mhttps://jestjs.io/docs/en/ecmascript-modules\u001b[24m for how to enable it.\n     • To have some of your \"node_modules\" files transformed, you can specify a custom \u001b[1m\"transformIgnorePatterns\"\u001b[22m in your config.\n     • If you need a custom transformation specify a \u001b[1m\"transform\"\u001b[22m option in your config.\n     • If you simply want to mock your non-JS modules (e.g. binary assets) you can stub them out with the \u001b[1m\"moduleNameMapper\"\u001b[22m config option.\n\n    You'll find more details and examples of these config options in the docs:\n    \u001b[36mhttps://jestjs.io/docs/en/configuration.html\u001b[39m\n\n    \u001b[1m\u001b[31mDetails:\u001b[39m\u001b[22m\n\n    /Users/nickmazuk/Documents/Github/ui-svelte/node_modules/.pnpm/svelte-portal@2.1.2/node_modules/svelte-portal/src/Portal.svelte:1\n    ({\"Object.<anonymous>\":function(module,exports,require,__dirname,__filename,global,jest){<script context=\"module\">\n                                                                                             ^\n\n    SyntaxError: Unexpected token '<'\n\n    \u001b[0m \u001b[90m 1 |\u001b[39m \u001b[33m<\u001b[39m\u001b[33mscript\u001b[39m lang\u001b[33m=\u001b[39m\u001b[32m\"ts\"\u001b[39m\u001b[33m>\u001b[39m\u001b[0m\n    \u001b[0m \u001b[90m 2 |\u001b[39m     \u001b[36mimport\u001b[39m { createEventDispatcher } \u001b[36mfrom\u001b[39m \u001b[32m'svelte'\u001b[39m\u001b[0m\n    \u001b[0m\u001b[31m\u001b[1m>\u001b[22m\u001b[39m\u001b[90m 3 |\u001b[39m     \u001b[36mimport\u001b[39m \u001b[33mPortal\u001b[39m \u001b[36mfrom\u001b[39m \u001b[32m'svelte-portal/src/Portal.svelte'\u001b[39m\u001b[0m\n    \u001b[0m \u001b[90m   |\u001b[39m                  \u001b[31m\u001b[1m^\u001b[22m\u001b[39m\u001b[0m\n    \u001b[0m \u001b[90m 4 |\u001b[39m\u001b[0m\n    \u001b[0m \u001b[90m 5 |\u001b[39m     \u001b[36mexport\u001b[39m \u001b[36mlet\u001b[39m x \u001b[33m=\u001b[39m \u001b[35m0\u001b[39m\u001b[0m\n    \u001b[0m \u001b[90m 6 |\u001b[39m     \u001b[36mexport\u001b[39m \u001b[36mlet\u001b[39m y \u001b[33m=\u001b[39m \u001b[35m0\u001b[39m\u001b[0m\n\n      \u001b[2mat Runtime.createScriptFromCode (\u001b[22mnode_modules/.pnpm/jest-runtime@26.6.3/node_modules/jest-runtime/build/index.js\u001b[2m:1350:14)\u001b[22m\n      \u001b[2mat Object.<anonymous> (\u001b[22msrc/utilities/portal/portal.svelte\u001b[2m:3:18)\u001b[22m\n","name":"/Users/nickmazuk/Documents/Github/ui-svelte/src/components/popover/popover.test.ts","startTime":1619741433598,"status":"failed","summary":""},{"assertionResults":[{"ancestorTitles":[],"failureMessages":[],"fullName":"renders without crashing","location":null,"status":"passed","title":"renders without crashing"}],"endTime":1619741411737,"message":"","name":"/Users/nickmazuk/Documents/Github/ui-svelte/src/elements/dark-mode-select/dark-mode-select.test.ts","startTime":1619741398335,"status":"passed","summary":""},{"assertionResults":[{"ancestorTitles":[],"failureMessages":[],"fullName":"renders without crashing","location":null,"status":"passed","title":"renders without crashing"}],"endTime":1619741411812,"message":"","name":"/Users/nickmazuk/Documents/Github/ui-svelte/src/components/footer/footer-group/footer-group.test.ts","startTime":1619741408223,"status":"passed","summary":""},{"assertionResults":[],"coverage":{},"endTime":1619741433598,"message":"  \u001b[1m● \u001b[22mTest suite failed to run\n\n    \u001b[1m\u001b[31mJest encountered an unexpected token\u001b[39m\u001b[22m\n\n    This usually means that you are trying to import a file which Jest cannot parse, e.g. it's not plain JavaScript.\n\n    By default, if Jest sees a Babel config, it will use that to transform your files, ignoring \"node_modules\".\n\n    Here's what you can do:\n     • If you are trying to use ECMAScript Modules, see \u001b[4mhttps://jestjs.io/docs/en/ecmascript-modules\u001b[24m for how to enable it.\n     • To have some of your \"node_modules\" files transformed, you can specify a custom \u001b[1m\"transformIgnorePatterns\"\u001b[22m in your config.\n     • If you need a custom transformation specify a \u001b[1m\"transform\"\u001b[22m option in your config.\n     • If you simply want to mock your non-JS modules (e.g. binary assets) you can stub them out with the \u001b[1m\"moduleNameMapper\"\u001b[22m config option.\n\n    You'll find more details and examples of these config options in the docs:\n    \u001b[36mhttps://jestjs.io/docs/en/configuration.html\u001b[39m\n\n    \u001b[1m\u001b[31mDetails:\u001b[39m\u001b[22m\n\n    /Users/nickmazuk/Documents/Github/ui-svelte/node_modules/.pnpm/svelte-portal@2.1.2/node_modules/svelte-portal/src/Portal.svelte:1\n    ({\"Object.<anonymous>\":function(module,exports,require,__dirname,__filename,global,jest){<script context=\"module\">\n                                                                                             ^\n\n    SyntaxError: Unexpected token '<'\n\n    \u001b[0m \u001b[90m 1 |\u001b[39m \u001b[33m<\u001b[39m\u001b[33mscript\u001b[39m lang\u001b[33m=\u001b[39m\u001b[32m\"ts\"\u001b[39m\u001b[33m>\u001b[39m\u001b[0m\n    \u001b[0m \u001b[90m 2 |\u001b[39m     \u001b[36mimport\u001b[39m { createEventDispatcher } \u001b[36mfrom\u001b[39m \u001b[32m'svelte'\u001b[39m\u001b[0m\n    \u001b[0m\u001b[31m\u001b[1m>\u001b[22m\u001b[39m\u001b[90m 3 |\u001b[39m     \u001b[36mimport\u001b[39m \u001b[33mPortal\u001b[39m \u001b[36mfrom\u001b[39m \u001b[32m'svelte-portal/src/Portal.svelte'\u001b[39m\u001b[0m\n    \u001b[0m \u001b[90m   |\u001b[39m                  \u001b[31m\u001b[1m^\u001b[22m\u001b[39m\u001b[0m\n    \u001b[0m \u001b[90m 4 |\u001b[39m\u001b[0m\n    \u001b[0m \u001b[90m 5 |\u001b[39m     \u001b[36mexport\u001b[39m \u001b[36mlet\u001b[39m x \u001b[33m=\u001b[39m \u001b[35m0\u001b[39m\u001b[0m\n    \u001b[0m \u001b[90m 6 |\u001b[39m     \u001b[36mexport\u001b[39m \u001b[36mlet\u001b[39m y \u001b[33m=\u001b[39m \u001b[35m0\u001b[39m\u001b[0m\n\n      \u001b[2mat Runtime.createScriptFromCode (\u001b[22mnode_modules/.pnpm/jest-runtime@26.6.3/node_modules/jest-runtime/build/index.js\u001b[2m:1350:14)\u001b[22m\n      \u001b[2mat Object.<anonymous> (\u001b[22msrc/utilities/portal/portal.svelte\u001b[2m:3:18)\u001b[22m\n","name":"/Users/nickmazuk/Documents/Github/ui-svelte/src/components/menu/menu.test.ts","startTime":1619741433598,"status":"failed","summary":""},{"assertionResults":[],"coverage":{},"endTime":1619741433598,"message":"  \u001b[1m● \u001b[22mTest suite failed to run\n\n    \u001b[1m\u001b[31mJest encountered an unexpected token\u001b[39m\u001b[22m\n\n    This usually means that you are trying to import a file which Jest cannot parse, e.g. it's not plain JavaScript.\n\n    By default, if Jest sees a Babel config, it will use that to transform your files, ignoring \"node_modules\".\n\n    Here's what you can do:\n     • If you are trying to use ECMAScript Modules, see \u001b[4mhttps://jestjs.io/docs/en/ecmascript-modules\u001b[24m for how to enable it.\n     • To have some of your \"node_modules\" files transformed, you can specify a custom \u001b[1m\"transformIgnorePatterns\"\u001b[22m in your config.\n     • If you need a custom transformation specify a \u001b[1m\"transform\"\u001b[22m option in your config.\n     • If you simply want to mock your non-JS modules (e.g. binary assets) you can stub them out with the \u001b[1m\"moduleNameMapper\"\u001b[22m config option.\n\n    You'll find more details and examples of these config options in the docs:\n    \u001b[36mhttps://jestjs.io/docs/en/configuration.html\u001b[39m\n\n    \u001b[1m\u001b[31mDetails:\u001b[39m\u001b[22m\n\n    /Users/nickmazuk/Documents/Github/ui-svelte/node_modules/.pnpm/svelte-portal@2.1.2/node_modules/svelte-portal/src/Portal.svelte:1\n    ({\"Object.<anonymous>\":function(module,exports,require,__dirname,__filename,global,jest){<script context=\"module\">\n                                                                                             ^\n\n    SyntaxError: Unexpected token '<'\n\n    \u001b[0m \u001b[90m 1 |\u001b[39m \u001b[33m<\u001b[39m\u001b[33mscript\u001b[39m lang\u001b[33m=\u001b[39m\u001b[32m\"ts\"\u001b[39m\u001b[33m>\u001b[39m\u001b[0m\n    \u001b[0m \u001b[90m 2 |\u001b[39m     \u001b[36mimport\u001b[39m { createEventDispatcher } \u001b[36mfrom\u001b[39m \u001b[32m'svelte'\u001b[39m\u001b[0m\n    \u001b[0m\u001b[31m\u001b[1m>\u001b[22m\u001b[39m\u001b[90m 3 |\u001b[39m     \u001b[36mimport\u001b[39m \u001b[33mPortal\u001b[39m \u001b[36mfrom\u001b[39m \u001b[32m'svelte-portal/src/Portal.svelte'\u001b[39m\u001b[0m\n    \u001b[0m \u001b[90m   |\u001b[39m                  \u001b[31m\u001b[1m^\u001b[22m\u001b[39m\u001b[0m\n    \u001b[0m \u001b[90m 4 |\u001b[39m\u001b[0m\n    \u001b[0m \u001b[90m 5 |\u001b[39m     \u001b[36mexport\u001b[39m \u001b[36mlet\u001b[39m x \u001b[33m=\u001b[39m \u001b[35m0\u001b[39m\u001b[0m\n    \u001b[0m \u001b[90m 6 |\u001b[39m     \u001b[36mexport\u001b[39m \u001b[36mlet\u001b[39m y \u001b[33m=\u001b[39m \u001b[35m0\u001b[39m\u001b[0m\n\n      \u001b[2mat Runtime.createScriptFromCode (\u001b[22mnode_modules/.pnpm/jest-runtime@26.6.3/node_modules/jest-runtime/build/index.js\u001b[2m:1350:14)\u001b[22m\n      \u001b[2mat Object.<anonymous> (\u001b[22msrc/utilities/portal/portal.svelte\u001b[2m:3:18)\u001b[22m\n","name":"/Users/nickmazuk/Documents/Github/ui-svelte/src/components/entity/entity.test.ts","startTime":1619741433598,"status":"failed","summary":""}],"wasInterrupted":false}