{"numFailedTestSuites":5,"numFailedTests":3,"numPassedTestSuites":15,"numPassedTests":15,"numPendingTestSuites":0,"numPendingTests":0,"numRuntimeErrorTestSuites":2,"numTodoTests":0,"numTotalTestSuites":20,"numTotalTests":18,"openHandles":[],"snapshot":{"added":0,"didUpdate":false,"failure":false,"filesAdded":0,"filesRemoved":0,"filesRemovedList":[],"filesUnmatched":0,"filesUpdated":0,"matched":0,"total":0,"unchecked":0,"uncheckedKeysByFile":[],"unmatched":0,"updated":0},"startTime":1617393248555,"success":false,"testResults":[{"assertionResults":[{"ancestorTitles":[],"failureMessages":[],"fullName":"renders without crashing","location":null,"status":"passed","title":"renders without crashing"}],"endTime":1617393259422,"message":"","name":"/Users/nickmazuk/Documents/Github/ui-svelte/src/utilities/loading-spinner/loading-spinner.test.ts","startTime":1617393250550,"status":"passed","summary":""},{"assertionResults":[{"ancestorTitles":[],"failureMessages":[],"fullName":"renders without crashing","location":null,"status":"passed","title":"renders without crashing"}],"endTime":1617393259695,"message":"","name":"/Users/nickmazuk/Documents/Github/ui-svelte/cli/create-new-component/templates/component-template.test.ts","startTime":1617393250537,"status":"passed","summary":""},{"assertionResults":[{"ancestorTitles":[],"failureMessages":[],"fullName":"renders without crashing","location":null,"status":"passed","title":"renders without crashing"}],"endTime":1617393259759,"message":"","name":"/Users/nickmazuk/Documents/Github/ui-svelte/src/layouts/footer/footer-section/footer-section.test.ts","startTime":1617393250535,"status":"passed","summary":""},{"assertionResults":[{"ancestorTitles":[],"failureMessages":[],"fullName":"renders without crashing","location":null,"status":"passed","title":"renders without crashing"}],"endTime":1617393259779,"message":"","name":"/Users/nickmazuk/Documents/Github/ui-svelte/src/layouts/header/header-item-wrapper/header-item-wrapper.test.ts","startTime":1617393250537,"status":"passed","summary":""},{"assertionResults":[{"ancestorTitles":[],"failureMessages":[],"fullName":"renders without crashing","location":null,"status":"passed","title":"renders without crashing"}],"endTime":1617393259787,"message":"","name":"/Users/nickmazuk/Documents/Github/ui-svelte/src/elements/status-dot/status-dot.test.ts","startTime":1617393250535,"status":"passed","summary":""},{"assertionResults":[{"ancestorTitles":[],"failureMessages":[],"fullName":"renders without crashing","location":null,"status":"passed","title":"renders without crashing"}],"endTime":1617393259794,"message":"","name":"/Users/nickmazuk/Documents/Github/ui-svelte/src/utilities/loading-section/loading-section.test.ts","startTime":1617393250535,"status":"passed","summary":""},{"assertionResults":[{"ancestorTitles":[],"failureMessages":[],"fullName":"renders without crashing","location":null,"status":"passed","title":"renders without crashing"}],"endTime":1617393259829,"message":"","name":"/Users/nickmazuk/Documents/Github/ui-svelte/src/layouts/header/header-brand/header-brand.test.ts","startTime":1617393250539,"status":"passed","summary":""},{"assertionResults":[],"coverage":{},"endTime":1617393261596,"message":"  \u001b[1m● \u001b[22mTest suite failed to run\n\n    Cannot find module '$app/stores' from 'src/layouts/header/header-link/header-link.svelte'\n\n    Require stack:\n      src/layouts/header/header-link/header-link.svelte\n      src/layouts/header/header-link/header-link.test.ts\n\n    \u001b[0m \u001b[90m 1 |\u001b[39m \u001b[33m<\u001b[39m\u001b[33mscript\u001b[39m lang\u001b[33m=\u001b[39m\u001b[32m\"ts\"\u001b[39m\u001b[33m>\u001b[39m\u001b[0m\n    \u001b[0m \u001b[90m 2 |\u001b[39m     \u001b[36mimport\u001b[39m \u001b[33mHeaderItemWrapper\u001b[39m \u001b[36mfrom\u001b[39m \u001b[32m'../header-item-wrapper/header-item-wrapper.svelte'\u001b[39m\u001b[0m\n    \u001b[0m\u001b[31m\u001b[1m>\u001b[22m\u001b[39m\u001b[90m 3 |\u001b[39m     \u001b[36mimport\u001b[39m { page } \u001b[36mfrom\u001b[39m \u001b[32m'$app/stores'\u001b[39m\u001b[0m\n    \u001b[0m \u001b[90m   |\u001b[39m                  \u001b[31m\u001b[1m^\u001b[22m\u001b[39m\u001b[0m\n    \u001b[0m \u001b[90m 4 |\u001b[39m\u001b[0m\n    \u001b[0m \u001b[90m 5 |\u001b[39m     type \u001b[33mBreakpoint\u001b[39m \u001b[33m=\u001b[39m \u001b[32m'sm'\u001b[39m \u001b[33m|\u001b[39m \u001b[32m'md'\u001b[39m \u001b[33m|\u001b[39m \u001b[32m'none'\u001b[39m\u001b[0m\n    \u001b[0m \u001b[90m 6 |\u001b[39m     \u001b[36mexport\u001b[39m \u001b[36mlet\u001b[39m breakpoint\u001b[33m:\u001b[39m \u001b[33mBreakpoint\u001b[39m \u001b[33m=\u001b[39m \u001b[32m'sm'\u001b[39m\u001b[0m\n\n      \u001b[2mat Resolver.resolveModule (\u001b[22mnode_modules/.pnpm/jest-resolve@26.6.2/node_modules/jest-resolve/build/index.js\u001b[2m:306:11)\u001b[22m\n      \u001b[2mat Object.<anonymous> (\u001b[22msrc/layouts/header/header-link/header-link.svelte\u001b[2m:3:18)\u001b[22m\n","name":"/Users/nickmazuk/Documents/Github/ui-svelte/src/layouts/header/header-link/header-link.test.ts","startTime":1617393261596,"status":"failed","summary":""},{"assertionResults":[{"ancestorTitles":[],"failureMessages":[],"fullName":"renders without crashing","location":null,"status":"passed","title":"renders without crashing"}],"endTime":1617393259855,"message":"","name":"/Users/nickmazuk/Documents/Github/ui-svelte/src/layouts/footer/footer-social-link/footer-social-link.test.ts","startTime":1617393250535,"status":"passed","summary":""},{"assertionResults":[],"coverage":{},"endTime":1617393261596,"message":"  \u001b[1m● \u001b[22mTest suite failed to run\n\n    \u001b[1m\u001b[31mJest encountered an unexpected token\u001b[39m\u001b[22m\n\n    This usually means that you are trying to import a file which Jest cannot parse, e.g. it's not plain JavaScript.\n\n    By default, if Jest sees a Babel config, it will use that to transform your files, ignoring \"node_modules\".\n\n    Here's what you can do:\n     • If you are trying to use ECMAScript Modules, see \u001b[4mhttps://jestjs.io/docs/en/ecmascript-modules\u001b[24m for how to enable it.\n     • To have some of your \"node_modules\" files transformed, you can specify a custom \u001b[1m\"transformIgnorePatterns\"\u001b[22m in your config.\n     • If you need a custom transformation specify a \u001b[1m\"transform\"\u001b[22m option in your config.\n     • If you simply want to mock your non-JS modules (e.g. binary assets) you can stub them out with the \u001b[1m\"moduleNameMapper\"\u001b[22m config option.\n\n    You'll find more details and examples of these config options in the docs:\n    \u001b[36mhttps://jestjs.io/docs/en/configuration.html\u001b[39m\n\n    \u001b[1m\u001b[31mDetails:\u001b[39m\u001b[22m\n\n    /Users/nickmazuk/Documents/Github/ui-svelte/node_modules/.pnpm/marked@2.0.1/node_modules/marked/lib/marked.esm.js:2625\n    export default marked_1;\n    ^^^^^^\n\n    SyntaxError: Unexpected token 'export'\n\n    \u001b[0m \u001b[90m 1 |\u001b[39m \u001b[33m<\u001b[39m\u001b[33mscript\u001b[39m lang\u001b[33m=\u001b[39m\u001b[32m\"ts\"\u001b[39m\u001b[33m>\u001b[39m\u001b[0m\n    \u001b[0m\u001b[31m\u001b[1m>\u001b[22m\u001b[39m\u001b[90m 2 |\u001b[39m     \u001b[36mimport\u001b[39m marked \u001b[36mfrom\u001b[39m \u001b[32m'marked/lib/marked.esm'\u001b[39m\u001b[0m\n    \u001b[0m \u001b[90m   |\u001b[39m                  \u001b[31m\u001b[1m^\u001b[22m\u001b[39m\u001b[0m\n    \u001b[0m \u001b[90m 3 |\u001b[39m     \u001b[36mexport\u001b[39m \u001b[36mlet\u001b[39m content \u001b[33m=\u001b[39m \u001b[32m''\u001b[39m\u001b[0m\n    \u001b[0m \u001b[90m 4 |\u001b[39m     \u001b[36mexport\u001b[39m \u001b[36mlet\u001b[39m headerIds \u001b[33m=\u001b[39m \u001b[36mfalse\u001b[39m\u001b[0m\n    \u001b[0m \u001b[90m 5 |\u001b[39m     \u001b[36mexport\u001b[39m \u001b[36mlet\u001b[39m toc \u001b[33m=\u001b[39m \u001b[36mfalse\u001b[39m\u001b[0m\n\n      \u001b[2mat Runtime.createScriptFromCode (\u001b[22mnode_modules/.pnpm/jest-runtime@26.6.3/node_modules/jest-runtime/build/index.js\u001b[2m:1350:14)\u001b[22m\n      \u001b[2mat Object.<anonymous> (\u001b[22msrc/typography/markdown/markdown.svelte\u001b[2m:2:18)\u001b[22m\n","name":"/Users/nickmazuk/Documents/Github/ui-svelte/src/typography/markdown/markdown.test.ts","startTime":1617393261596,"status":"failed","summary":""},{"assertionResults":[{"ancestorTitles":[],"failureMessages":[],"fullName":"renders without crashing","location":null,"status":"passed","title":"renders without crashing"}],"endTime":1617393259893,"message":"","name":"/Users/nickmazuk/Documents/Github/ui-svelte/src/typography/text-content/text-content.test.ts","startTime":1617393250535,"status":"passed","summary":""},{"assertionResults":[{"ancestorTitles":[],"failureMessages":["TypeError: Cannot read property 'stack' of undefined\n    at Object.$$self.$$.update (/Users/nickmazuk/Documents/Github/ui-svelte/src/errors/http-500/http-500.svelte:10:22)\n    at init (/Users/nickmazuk/Documents/Github/ui-svelte/node_modules/.pnpm/svelte@3.35.0/node_modules/svelte/internal/index.js:1488:8)\n    at new Http_500 (/Users/nickmazuk/Documents/Github/ui-svelte/src/errors/http-500/http-500.svelte:302:3)\n    at Object.render (/Users/nickmazuk/Documents/Github/ui-svelte/node_modules/.pnpm/@testing-library/svelte@3.0.3_svelte@3.35.0/node_modules/@testing-library/svelte/dist/pure.js:81:21)\n    at Object.<anonymous> (/Users/nickmazuk/Documents/Github/ui-svelte/src/errors/http-500/http-500.test.ts:6:27)\n    at Object.asyncJestTest (/Users/nickmazuk/Documents/Github/ui-svelte/node_modules/.pnpm/jest-jasmine2@26.6.3/node_modules/jest-jasmine2/build/jasmineAsyncInstall.js:106:37)\n    at /Users/nickmazuk/Documents/Github/ui-svelte/node_modules/.pnpm/jest-jasmine2@26.6.3/node_modules/jest-jasmine2/build/queueRunner.js:45:12\n    at new Promise (<anonymous>)\n    at mapper (/Users/nickmazuk/Documents/Github/ui-svelte/node_modules/.pnpm/jest-jasmine2@26.6.3/node_modules/jest-jasmine2/build/queueRunner.js:28:19)\n    at /Users/nickmazuk/Documents/Github/ui-svelte/node_modules/.pnpm/jest-jasmine2@26.6.3/node_modules/jest-jasmine2/build/queueRunner.js:75:41\n    at processTicksAndRejections (internal/process/task_queues.js:97:5)"],"fullName":"renders without crashing","location":null,"status":"failed","title":"renders without crashing"}],"endTime":1617393259898,"message":"\u001b[1m\u001b[31m  \u001b[1m● \u001b[22m\u001b[1mrenders without crashing\u001b[39m\u001b[22m\n\n    TypeError: Cannot read property 'stack' of undefined\n\u001b[2m\u001b[22m\n\u001b[2m    \u001b[0m \u001b[90m  8 |\u001b[39m     \u001b[36mlet\u001b[39m stack\u001b[33m:\u001b[39m string[]\u001b[0m\u001b[22m\n\u001b[2m    \u001b[0m \u001b[90m  9 |\u001b[39m\u001b[0m\u001b[22m\n\u001b[2m    \u001b[0m\u001b[31m\u001b[1m>\u001b[22m\u001b[2m\u001b[39m\u001b[90m 10 |\u001b[39m     $\u001b[33m:\u001b[39m stack \u001b[33m=\u001b[39m error\u001b[33m.\u001b[39mstack\u001b[33m?\u001b[39m\u001b[33m.\u001b[39msplit(\u001b[32m'\\n'\u001b[39m)\u001b[33m.\u001b[39mmap((part) \u001b[33m=>\u001b[39m part\u001b[33m.\u001b[39mtrim()) \u001b[33m?\u001b[39m\u001b[33m?\u001b[39m []\u001b[0m\u001b[22m\n\u001b[2m    \u001b[0m \u001b[90m    |\u001b[39m                      \u001b[31m\u001b[1m^\u001b[22m\u001b[2m\u001b[39m\u001b[0m\u001b[22m\n\u001b[2m    \u001b[0m \u001b[90m 11 |\u001b[39m \u001b[33m<\u001b[39m\u001b[33m/\u001b[39m\u001b[33mscript\u001b[39m\u001b[33m>\u001b[39m\u001b[0m\u001b[22m\n\u001b[2m    \u001b[0m \u001b[90m 12 |\u001b[39m\u001b[0m\u001b[22m\n\u001b[2m    \u001b[0m \u001b[90m 13 |\u001b[39m \u001b[33m<\u001b[39m\u001b[33mdiv\u001b[39m \u001b[36mclass\u001b[39m\u001b[33m=\u001b[39m\u001b[32m\"wrapper\"\u001b[39m\u001b[33m>\u001b[39m\u001b[0m\u001b[22m\n\u001b[2m\u001b[22m\n\u001b[2m      \u001b[2mat Object.$$self.$$.update (\u001b[22m\u001b[2msrc/errors/http-500/http-500.svelte\u001b[2m:10:22)\u001b[22m\u001b[2m\u001b[22m\n\u001b[2m      \u001b[2mat init (\u001b[22m\u001b[2mnode_modules/.pnpm/svelte@3.35.0/node_modules/svelte/internal/index.js\u001b[2m:1488:8)\u001b[22m\u001b[2m\u001b[22m\n\u001b[2m      \u001b[2mat new Http_500 (\u001b[22m\u001b[2msrc/errors/http-500/http-500.svelte\u001b[2m:302:3)\u001b[22m\u001b[2m\u001b[22m\n\u001b[2m      \u001b[2mat Object.render (\u001b[22m\u001b[2mnode_modules/.pnpm/@testing-library/svelte@3.0.3_svelte@3.35.0/node_modules/@testing-library/svelte/dist/pure.js\u001b[2m:81:21)\u001b[22m\u001b[2m\u001b[22m\n\u001b[2m      \u001b[2mat Object.<anonymous> (\u001b[22m\u001b[2m\u001b[0m\u001b[36msrc/errors/http-500/http-500.test.ts\u001b[39m\u001b[0m\u001b[2m:6:27)\u001b[22m\u001b[2m\u001b[22m\n","name":"/Users/nickmazuk/Documents/Github/ui-svelte/src/errors/http-500/http-500.test.ts","startTime":1617393250535,"status":"failed","summary":""},{"assertionResults":[{"ancestorTitles":[],"failureMessages":[],"fullName":"renders without crashing","location":null,"status":"passed","title":"renders without crashing"}],"endTime":1617393259959,"message":"","name":"/Users/nickmazuk/Documents/Github/ui-svelte/src/errors/http-404/http-404.test.ts","startTime":1617393250535,"status":"passed","summary":""},{"assertionResults":[{"ancestorTitles":[],"failureMessages":[],"fullName":"renders without crashing","location":null,"status":"passed","title":"renders without crashing"}],"endTime":1617393260342,"message":"","name":"/Users/nickmazuk/Documents/Github/ui-svelte/src/elements/loading-progress-indicator/loading-progress-indicator.test.ts","startTime":1617393250535,"status":"passed","summary":""},{"assertionResults":[{"ancestorTitles":[],"failureMessages":["TypeError: IntersectionObserver is not a constructor\n    at create_fragment (/Users/nickmazuk/Documents/Github/ui-svelte/src/layouts/header/header.svelte:120:25)\n    at init (/Users/nickmazuk/Documents/Github/ui-svelte/node_modules/.pnpm/svelte@3.35.0/node_modules/svelte/internal/index.js:1492:37)\n    at new Header (/Users/nickmazuk/Documents/Github/ui-svelte/src/layouts/header/header.svelte:368:3)\n    at Object.render (/Users/nickmazuk/Documents/Github/ui-svelte/node_modules/.pnpm/@testing-library/svelte@3.0.3_svelte@3.35.0/node_modules/@testing-library/svelte/dist/pure.js:81:21)\n    at Object.<anonymous> (/Users/nickmazuk/Documents/Github/ui-svelte/src/layouts/header/header.test.ts:6:27)\n    at Object.asyncJestTest (/Users/nickmazuk/Documents/Github/ui-svelte/node_modules/.pnpm/jest-jasmine2@26.6.3/node_modules/jest-jasmine2/build/jasmineAsyncInstall.js:106:37)\n    at /Users/nickmazuk/Documents/Github/ui-svelte/node_modules/.pnpm/jest-jasmine2@26.6.3/node_modules/jest-jasmine2/build/queueRunner.js:45:12\n    at new Promise (<anonymous>)\n    at mapper (/Users/nickmazuk/Documents/Github/ui-svelte/node_modules/.pnpm/jest-jasmine2@26.6.3/node_modules/jest-jasmine2/build/queueRunner.js:28:19)\n    at /Users/nickmazuk/Documents/Github/ui-svelte/node_modules/.pnpm/jest-jasmine2@26.6.3/node_modules/jest-jasmine2/build/queueRunner.js:75:41\n    at processTicksAndRejections (internal/process/task_queues.js:97:5)"],"fullName":"renders without crashing","location":null,"status":"failed","title":"renders without crashing"}],"endTime":1617393260537,"message":"\u001b[1m\u001b[31m  \u001b[1m● \u001b[22m\u001b[1mrenders without crashing\u001b[39m\u001b[22m\n\n    TypeError: IntersectionObserver is not a constructor\n\u001b[2m\u001b[22m\n\u001b[2m\u001b[22m\n\u001b[2m\u001b[22m\n\u001b[2m      \u001b[2mat create_fragment (\u001b[22m\u001b[2msrc/layouts/header/header.svelte\u001b[2m:120:25)\u001b[22m\u001b[2m\u001b[22m\n\u001b[2m      \u001b[2mat init (\u001b[22m\u001b[2mnode_modules/.pnpm/svelte@3.35.0/node_modules/svelte/internal/index.js\u001b[2m:1492:37)\u001b[22m\u001b[2m\u001b[22m\n\u001b[2m      \u001b[2mat new Header (\u001b[22m\u001b[2msrc/layouts/header/header.svelte\u001b[2m:368:3)\u001b[22m\u001b[2m\u001b[22m\n\u001b[2m      \u001b[2mat Object.render (\u001b[22m\u001b[2mnode_modules/.pnpm/@testing-library/svelte@3.0.3_svelte@3.35.0/node_modules/@testing-library/svelte/dist/pure.js\u001b[2m:81:21)\u001b[22m\u001b[2m\u001b[22m\n\u001b[2m      \u001b[2mat Object.<anonymous> (\u001b[22m\u001b[2m\u001b[0m\u001b[36msrc/layouts/header/header.test.ts\u001b[39m\u001b[0m\u001b[2m:6:27)\u001b[22m\u001b[2m\u001b[22m\n","name":"/Users/nickmazuk/Documents/Github/ui-svelte/src/layouts/header/header.test.ts","startTime":1617393259470,"status":"failed","summary":""},{"assertionResults":[{"ancestorTitles":[],"failureMessages":[],"fullName":"renders without crashing","location":null,"status":"passed","title":"renders without crashing"}],"endTime":1617393260652,"message":"","name":"/Users/nickmazuk/Documents/Github/ui-svelte/src/layouts/footer/footer.test.ts","startTime":1617393259737,"status":"passed","summary":""},{"assertionResults":[{"ancestorTitles":[],"failureMessages":[],"fullName":"renders without crashing","location":null,"status":"passed","title":"renders without crashing"}],"endTime":1617393260678,"message":"","name":"/Users/nickmazuk/Documents/Github/ui-svelte/src/elements/icon/storybook/icon.test.ts","startTime":1617393259837,"status":"passed","summary":""},{"assertionResults":[{"ancestorTitles":[],"failureMessages":[],"fullName":"renders without crashing","location":null,"status":"passed","title":"renders without crashing"}],"endTime":1617393260701,"message":"","name":"/Users/nickmazuk/Documents/Github/ui-svelte/src/elements/badge/badge.test.ts","startTime":1617393259813,"status":"passed","summary":""},{"assertionResults":[{"ancestorTitles":[],"failureMessages":[],"fullName":"renders without crashing","location":null,"status":"passed","title":"renders without crashing"}],"endTime":1617393261110,"message":"","name":"/Users/nickmazuk/Documents/Github/ui-svelte/src/form/select/select.test.ts","startTime":1617393259787,"status":"passed","summary":""},{"assertionResults":[{"ancestorTitles":[],"failureMessages":["Error: {#each} only iterates over array-like objects.\n    at validate_each_argument (/Users/nickmazuk/Documents/Github/ui-svelte/node_modules/.pnpm/svelte@3.35.0/node_modules/svelte/internal/index.js:1652:15)\n    at create_fragment (/Users/nickmazuk/Documents/Github/ui-svelte/src/navigation/table-of-contents/table-of-contents.svelte:435:2)\n    at init (/Users/nickmazuk/Documents/Github/ui-svelte/node_modules/.pnpm/svelte@3.35.0/node_modules/svelte/internal/index.js:1492:37)\n    at new Table_of_contents (/Users/nickmazuk/Documents/Github/ui-svelte/src/navigation/table-of-contents/table-of-contents.svelte:571:3)\n    at Object.render (/Users/nickmazuk/Documents/Github/ui-svelte/node_modules/.pnpm/@testing-library/svelte@3.0.3_svelte@3.35.0/node_modules/@testing-library/svelte/dist/pure.js:81:21)\n    at Object.<anonymous> (/Users/nickmazuk/Documents/Github/ui-svelte/src/navigation/table-of-contents/table-of-contents.test.ts:6:27)\n    at Object.asyncJestTest (/Users/nickmazuk/Documents/Github/ui-svelte/node_modules/.pnpm/jest-jasmine2@26.6.3/node_modules/jest-jasmine2/build/jasmineAsyncInstall.js:106:37)\n    at /Users/nickmazuk/Documents/Github/ui-svelte/node_modules/.pnpm/jest-jasmine2@26.6.3/node_modules/jest-jasmine2/build/queueRunner.js:45:12\n    at new Promise (<anonymous>)\n    at mapper (/Users/nickmazuk/Documents/Github/ui-svelte/node_modules/.pnpm/jest-jasmine2@26.6.3/node_modules/jest-jasmine2/build/queueRunner.js:28:19)\n    at /Users/nickmazuk/Documents/Github/ui-svelte/node_modules/.pnpm/jest-jasmine2@26.6.3/node_modules/jest-jasmine2/build/queueRunner.js:75:41\n    at processTicksAndRejections (internal/process/task_queues.js:97:5)"],"fullName":"renders without crashing","location":null,"status":"failed","title":"renders without crashing"}],"endTime":1617393261215,"message":"\u001b[1m\u001b[31m  \u001b[1m● \u001b[22m\u001b[1mrenders without crashing\u001b[39m\u001b[22m\n\n    {#each} only iterates over array-like objects.\n\u001b[2m\u001b[22m\n\u001b[2m\u001b[22m\n\u001b[2m\u001b[22m\n\u001b[2m      \u001b[2mat validate_each_argument (\u001b[22m\u001b[2mnode_modules/.pnpm/svelte@3.35.0/node_modules/svelte/internal/index.js\u001b[2m:1652:15)\u001b[22m\u001b[2m\u001b[22m\n\u001b[2m      \u001b[2mat create_fragment (\u001b[22m\u001b[2msrc/navigation/table-of-contents/table-of-contents.svelte\u001b[2m:435:2)\u001b[22m\u001b[2m\u001b[22m\n\u001b[2m      \u001b[2mat init (\u001b[22m\u001b[2mnode_modules/.pnpm/svelte@3.35.0/node_modules/svelte/internal/index.js\u001b[2m:1492:37)\u001b[22m\u001b[2m\u001b[22m\n\u001b[2m      \u001b[2mat new Table_of_contents (\u001b[22m\u001b[2msrc/navigation/table-of-contents/table-of-contents.svelte\u001b[2m:571:3)\u001b[22m\u001b[2m\u001b[22m\n\u001b[2m      \u001b[2mat Object.render (\u001b[22m\u001b[2mnode_modules/.pnpm/@testing-library/svelte@3.0.3_svelte@3.35.0/node_modules/@testing-library/svelte/dist/pure.js\u001b[2m:81:21)\u001b[22m\u001b[2m\u001b[22m\n\u001b[2m      \u001b[2mat Object.<anonymous> (\u001b[22m\u001b[2m\u001b[0m\u001b[36msrc/navigation/table-of-contents/table-of-contents.test.ts\u001b[39m\u001b[0m\u001b[2m:6:27)\u001b[22m\u001b[2m\u001b[22m\n","name":"/Users/nickmazuk/Documents/Github/ui-svelte/src/navigation/table-of-contents/table-of-contents.test.ts","startTime":1617393250535,"status":"failed","summary":""}],"wasInterrupted":false}